0 info it worked if it ends with ok
1 verbose cli [ '/Users/yashviparmar/.nvm/versions/node/v6.0.0/bin/node',
1 verbose cli   '/Users/yashviparmar/.nvm/versions/node/v6.0.0/bin/npm',
1 verbose cli   'install',
1 verbose cli   '--save-dev',
1 verbose cli   '--legacy-peer-deps',
1 verbose cli   'jest@24.9.0',
1 verbose cli   'ts-jest',
1 verbose cli   'babel-' ]
2 info using npm@3.8.6
3 info using node@v6.0.0
4 silly loadCurrentTree Starting
5 silly install loadCurrentTree
6 silly install readLocalPackageData
7 silly fetchPackageMetaData jest@24.9.0
8 silly fetchPackageMetaData ts-jest@^29.0.5
9 silly fetchPackageMetaData babel-
10 silly fetchNamedPackageData jest
11 silly mapToRegistry name jest
12 silly mapToRegistry using default registry
13 silly mapToRegistry registry https://registry.npmjs.org/
14 silly mapToRegistry data Result {
14 silly mapToRegistry   raw: 'jest',
14 silly mapToRegistry   scope: null,
14 silly mapToRegistry   name: 'jest',
14 silly mapToRegistry   rawSpec: '',
14 silly mapToRegistry   spec: 'latest',
14 silly mapToRegistry   type: 'tag' }
15 silly mapToRegistry uri https://registry.npmjs.org/jest
16 silly fetchNamedPackageData ts-jest
17 silly mapToRegistry name ts-jest
18 silly mapToRegistry using default registry
19 silly mapToRegistry registry https://registry.npmjs.org/
20 silly mapToRegistry data Result {
20 silly mapToRegistry   raw: 'ts-jest',
20 silly mapToRegistry   scope: null,
20 silly mapToRegistry   name: 'ts-jest',
20 silly mapToRegistry   rawSpec: '',
20 silly mapToRegistry   spec: 'latest',
20 silly mapToRegistry   type: 'tag' }
21 silly mapToRegistry uri https://registry.npmjs.org/ts-jest
22 silly fetchNamedPackageData babel-
23 silly mapToRegistry name babel-
24 silly mapToRegistry using default registry
25 silly mapToRegistry registry https://registry.npmjs.org/
26 silly mapToRegistry data Result {
26 silly mapToRegistry   raw: 'babel-',
26 silly mapToRegistry   scope: null,
26 silly mapToRegistry   name: 'babel-',
26 silly mapToRegistry   rawSpec: '',
26 silly mapToRegistry   spec: 'latest',
26 silly mapToRegistry   type: 'tag' }
27 silly mapToRegistry uri https://registry.npmjs.org/babel-
28 verbose request uri https://registry.npmjs.org/jest
29 verbose request no auth needed
30 info attempt registry request try #1 at 9:50:05 AM
31 verbose request id 48db9ef27f9a679a
32 http request GET https://registry.npmjs.org/jest
33 verbose request uri https://registry.npmjs.org/ts-jest
34 verbose request no auth needed
35 info attempt registry request try #1 at 9:50:06 AM
36 http request GET https://registry.npmjs.org/ts-jest
37 verbose request uri https://registry.npmjs.org/babel-
38 verbose request no auth needed
39 info attempt registry request try #1 at 9:50:06 AM
40 http request GET https://registry.npmjs.org/babel-
41 http 404 https://registry.npmjs.org/babel-
42 verbose headers { date: 'Fri, 03 Mar 2023 14:50:06 GMT',
42 verbose headers   'content-type': 'application/json',
42 verbose headers   'content-length': '21',
42 verbose headers   connection: 'keep-alive',
42 verbose headers   'cf-ray': '7a22b09deb915401-YYZ',
42 verbose headers   vary: 'Accept-Encoding',
42 verbose headers   server: 'cloudflare' }
43 silly get cb [ 404,
43 silly get   { date: 'Fri, 03 Mar 2023 14:50:06 GMT',
43 silly get     'content-type': 'application/json',
43 silly get     'content-length': '21',
43 silly get     connection: 'keep-alive',
43 silly get     'cf-ray': '7a22b09deb915401-YYZ',
43 silly get     vary: 'Accept-Encoding',
43 silly get     server: 'cloudflare' } ]
44 silly fetchPackageMetaData Error: Not found : babel-
44 silly fetchPackageMetaData     at makeError (/Users/yashviparmar/.nvm/versions/node/v6.0.0/lib/node_modules/npm/node_modules/npm-registry-client/lib/request.js:264:12)
44 silly fetchPackageMetaData     at CachingRegistryClient.<anonymous> (/Users/yashviparmar/.nvm/versions/node/v6.0.0/lib/node_modules/npm/node_modules/npm-registry-client/lib/request.js:252:14)
44 silly fetchPackageMetaData     at Request._callback (/Users/yashviparmar/.nvm/versions/node/v6.0.0/lib/node_modules/npm/node_modules/npm-registry-client/lib/request.js:172:14)
44 silly fetchPackageMetaData     at Request.self.callback (/Users/yashviparmar/.nvm/versions/node/v6.0.0/lib/node_modules/npm/node_modules/request/request.js:199:22)
44 silly fetchPackageMetaData     at emitTwo (events.js:106:13)
44 silly fetchPackageMetaData     at Request.emit (events.js:191:7)
44 silly fetchPackageMetaData     at Request.<anonymous> (/Users/yashviparmar/.nvm/versions/node/v6.0.0/lib/node_modules/npm/node_modules/request/request.js:1036:10)
44 silly fetchPackageMetaData     at emitOne (events.js:101:20)
44 silly fetchPackageMetaData     at Request.emit (events.js:188:7)
44 silly fetchPackageMetaData     at IncomingMessage.<anonymous> (/Users/yashviparmar/.nvm/versions/node/v6.0.0/lib/node_modules/npm/node_modules/request/request.js:963:12)
44 silly fetchPackageMetaData  error for babel- { Error: Not found : babel-
44 silly fetchPackageMetaData     at makeError (/Users/yashviparmar/.nvm/versions/node/v6.0.0/lib/node_modules/npm/node_modules/npm-registry-client/lib/request.js:264:12)
44 silly fetchPackageMetaData     at CachingRegistryClient.<anonymous> (/Users/yashviparmar/.nvm/versions/node/v6.0.0/lib/node_modules/npm/node_modules/npm-registry-client/lib/request.js:252:14)
44 silly fetchPackageMetaData     at Request._callback (/Users/yashviparmar/.nvm/versions/node/v6.0.0/lib/node_modules/npm/node_modules/npm-registry-client/lib/request.js:172:14)
44 silly fetchPackageMetaData     at Request.self.callback (/Users/yashviparmar/.nvm/versions/node/v6.0.0/lib/node_modules/npm/node_modules/request/request.js:199:22)
44 silly fetchPackageMetaData     at emitTwo (events.js:106:13)
44 silly fetchPackageMetaData     at Request.emit (events.js:191:7)
44 silly fetchPackageMetaData     at Request.<anonymous> (/Users/yashviparmar/.nvm/versions/node/v6.0.0/lib/node_modules/npm/node_modules/request/request.js:1036:10)
44 silly fetchPackageMetaData     at emitOne (events.js:101:20)
44 silly fetchPackageMetaData     at Request.emit (events.js:188:7)
44 silly fetchPackageMetaData     at IncomingMessage.<anonymous> (/Users/yashviparmar/.nvm/versions/node/v6.0.0/lib/node_modules/npm/node_modules/request/request.js:963:12) pkgid: 'babel-', statusCode: 404, code: 'E404' }
45 http 200 https://registry.npmjs.org/jest
46 verbose headers { date: 'Fri, 03 Mar 2023 14:50:06 GMT',
46 verbose headers   'content-type': 'application/json',
46 verbose headers   'transfer-encoding': 'chunked',
46 verbose headers   connection: 'keep-alive',
46 verbose headers   'cf-ray': '7a22b09dea46a1ed-YYZ',
46 verbose headers   'access-control-allow-origin': '*',
46 verbose headers   age: '177',
46 verbose headers   'cache-control': 'public, max-age=300',
46 verbose headers   etag: 'W/"21b11fa2f02092f00b73afe8033342f1"',
46 verbose headers   'last-modified': 'Wed, 15 Feb 2023 11:57:50 GMT',
46 verbose headers   vary: 'accept-encoding, accept',
46 verbose headers   'cf-cache-status': 'HIT',
46 verbose headers   'x-amz-replication-status': 'COMPLETED',
46 verbose headers   'x-amz-server-side-encryption': 'AES256',
46 verbose headers   server: 'cloudflare',
46 verbose headers   'content-encoding': 'gzip' }
47 silly get cb [ 200,
47 silly get   { date: 'Fri, 03 Mar 2023 14:50:06 GMT',
47 silly get     'content-type': 'application/json',
47 silly get     'transfer-encoding': 'chunked',
47 silly get     connection: 'keep-alive',
47 silly get     'cf-ray': '7a22b09dea46a1ed-YYZ',
47 silly get     'access-control-allow-origin': '*',
47 silly get     age: '177',
47 silly get     'cache-control': 'public, max-age=300',
47 silly get     etag: 'W/"21b11fa2f02092f00b73afe8033342f1"',
47 silly get     'last-modified': 'Wed, 15 Feb 2023 11:57:50 GMT',
47 silly get     vary: 'accept-encoding, accept',
47 silly get     'cf-cache-status': 'HIT',
47 silly get     'x-amz-replication-status': 'COMPLETED',
47 silly get     'x-amz-server-side-encryption': 'AES256',
47 silly get     server: 'cloudflare',
47 silly get     'content-encoding': 'gzip' } ]
48 verbose get saving jest to /Users/yashviparmar/.npm/registry.npmjs.org/jest/.cache.json
49 verbose correctMkdir /Users/yashviparmar/.npm correctMkdir not in flight; initializing
50 http 200 https://registry.npmjs.org/ts-jest
51 verbose headers { date: 'Fri, 03 Mar 2023 14:50:06 GMT',
51 verbose headers   'content-type': 'application/json',
51 verbose headers   'transfer-encoding': 'chunked',
51 verbose headers   connection: 'keep-alive',
51 verbose headers   'cf-ray': '7a22b09deb58f995-YYZ',
51 verbose headers   'access-control-allow-origin': '*',
51 verbose headers   age: '91',
51 verbose headers   'cache-control': 'public, max-age=300',
51 verbose headers   etag: 'W/"d29867db026b2059bad73af03b7bbaa8"',
51 verbose headers   'last-modified': 'Wed, 01 Mar 2023 07:18:09 GMT',
51 verbose headers   vary: 'accept-encoding, accept',
51 verbose headers   'cf-cache-status': 'HIT',
51 verbose headers   'x-amz-replication-status': 'COMPLETED',
51 verbose headers   'x-amz-server-side-encryption': 'AES256',
51 verbose headers   server: 'cloudflare',
51 verbose headers   'content-encoding': 'gzip' }
52 silly get cb [ 200,
52 silly get   { date: 'Fri, 03 Mar 2023 14:50:06 GMT',
52 silly get     'content-type': 'application/json',
52 silly get     'transfer-encoding': 'chunked',
52 silly get     connection: 'keep-alive',
52 silly get     'cf-ray': '7a22b09deb58f995-YYZ',
52 silly get     'access-control-allow-origin': '*',
52 silly get     age: '91',
52 silly get     'cache-control': 'public, max-age=300',
52 silly get     etag: 'W/"d29867db026b2059bad73af03b7bbaa8"',
52 silly get     'last-modified': 'Wed, 01 Mar 2023 07:18:09 GMT',
52 silly get     vary: 'accept-encoding, accept',
52 silly get     'cf-cache-status': 'HIT',
52 silly get     'x-amz-replication-status': 'COMPLETED',
52 silly get     'x-amz-server-side-encryption': 'AES256',
52 silly get     server: 'cloudflare',
52 silly get     'content-encoding': 'gzip' } ]
53 verbose get saving ts-jest to /Users/yashviparmar/.npm/registry.npmjs.org/ts-jest/.cache.json
54 verbose correctMkdir /Users/yashviparmar/.npm correctMkdir not in flight; initializing
55 silly rollbackFailedOptional Starting
56 silly rollbackFailedOptional Finishing
57 silly runTopLevelLifecycles Starting
58 silly runTopLevelLifecycles Finishing
59 silly install printInstalled
60 verbose stack Error: Not found : babel-
60 verbose stack     at makeError (/Users/yashviparmar/.nvm/versions/node/v6.0.0/lib/node_modules/npm/node_modules/npm-registry-client/lib/request.js:264:12)
60 verbose stack     at CachingRegistryClient.<anonymous> (/Users/yashviparmar/.nvm/versions/node/v6.0.0/lib/node_modules/npm/node_modules/npm-registry-client/lib/request.js:252:14)
60 verbose stack     at Request._callback (/Users/yashviparmar/.nvm/versions/node/v6.0.0/lib/node_modules/npm/node_modules/npm-registry-client/lib/request.js:172:14)
60 verbose stack     at Request.self.callback (/Users/yashviparmar/.nvm/versions/node/v6.0.0/lib/node_modules/npm/node_modules/request/request.js:199:22)
60 verbose stack     at emitTwo (events.js:106:13)
60 verbose stack     at Request.emit (events.js:191:7)
60 verbose stack     at Request.<anonymous> (/Users/yashviparmar/.nvm/versions/node/v6.0.0/lib/node_modules/npm/node_modules/request/request.js:1036:10)
60 verbose stack     at emitOne (events.js:101:20)
60 verbose stack     at Request.emit (events.js:188:7)
60 verbose stack     at IncomingMessage.<anonymous> (/Users/yashviparmar/.nvm/versions/node/v6.0.0/lib/node_modules/npm/node_modules/request/request.js:963:12)
61 verbose statusCode 404
62 verbose pkgid babel-
63 verbose cwd /Users/yashviparmar/Desktop/MGMT3A/MSCI-342/Project/MSCI-342-Team-Project
64 error Darwin 21.5.0
65 error argv "/Users/yashviparmar/.nvm/versions/node/v6.0.0/bin/node" "/Users/yashviparmar/.nvm/versions/node/v6.0.0/bin/npm" "install" "--save-dev" "--legacy-peer-deps" "jest@24.9.0" "ts-jest" "babel-"
66 error node v6.0.0
67 error npm  v3.8.6
68 error code E404
69 error 404 Not found : babel-
70 error 404
71 error 404 'babel-' is not in the npm registry.
72 error 404 You should bug the author to publish it (or use the name yourself!)
73 error 404 Note that you can also install from a
74 error 404 tarball, folder, http url, or git url.
75 verbose exit [ 1, true ]
