Arguments: 
  /opt/homebrew/Cellar/node/19.2.0/bin/node /opt/homebrew/bin/yarn dev

PATH: 
  /Users/yashviparmar/opt/anaconda3/bin:/Library/Frameworks/Python.framework/Versions/3.6/bin:/Library/Frameworks/Python.framework/Versions/3.7/bin:/opt/homebrew/bin:/opt/homebrew/sbin:/Library/Frameworks/Python.framework/Versions/3.10/bin:/usr/local/bin:/usr/bin:/bin:/usr/sbin:/sbin:/Library/Apple/usr/bin

Yarn version: 
  1.22.18

Node version: 
  19.2.0

Platform: 
  darwin arm64

Trace: 
  SyntaxError: /Users/yashviparmar/Desktop/MGMT3A/MSCI-342/Project/node-react-app/package.json: Expected property name or '}' in JSON at position 8
      at JSON.parse (<anonymous>)
      at /opt/homebrew/lib/node_modules/yarn/lib/cli.js:1625:59
      at Generator.next (<anonymous>)
      at step (/opt/homebrew/lib/node_modules/yarn/lib/cli.js:310:30)
      at /opt/homebrew/lib/node_modules/yarn/lib/cli.js:321:13

npm manifest: 
  {
  
  
  
    {
  
      "name": "node-react-app",
      "version": "1.0.0",
      "scripts": {
          "client": "cd client && yarn start",
          "server": "nodemon server.js",
          "dev": "concurrently --kill-others-on-fail \"yarn server\" \"yarn client\""
      },
      "dependencies": {
          "@mui/material": "^5.11.10",
          "dotenv": "^8.1.0",
          "express": "^4.16.4",
          "mysql": "^2.17.1",
          "node-fetch": "^2.6.1",
          "nodemon": "^1.19.3",
          "recompose": "^0.30.0",
          "yarn": "^1.22.19"
      },
      "devDependencies": {
          "concurrently": "^4.0.1"
      }
  
  }
  
  
  {
    "name": "node-react-app",
    "version": "1.0.0",
    "scripts": {
      "client": "cd client && yarn start",
      "server": "nodemon server.js",
      "dev": "concurrently --kill-others-on-fail \"yarn server\" \"yarn client\""
    },
    "dependencies": {
      "dotenv": "^8.1.0",
      "express": "^4.16.4",
      "mysql": "^2.17.1",
      "node-fetch": "^2.6.1",
      "nodemon": "^1.19.3",
      "react": "^18.2.0",
      "react-dom": "^18.2.0",
      "recompose": "^0.30.0",
      "yarn": "^1.22.19"
    },
    "devDependencies": {
      "concurrently": "^4.0.1"
  
    }

yarn manifest: 
  No manifest

Lockfile: 
  No lockfile
